app/build/intermediates/manifest_merge_blame_file/debug/processDebugMainManifest/manifest-merger-blame-debug-report.txt
1<?xml version="1.0" encoding="utf-8"?>
2<manifest xmlns:android="http://schemas.android.com/apk/res/android"
3    package="com.julianb183.questterminal"
4    android:versionCode="2"
5    android:versionName="0.2.0" >
6
7    <uses-sdk
8        android:minSdkVersion="29"
9        android:targetSdkVersion="35" />
10
11    <application
11-->src/main/AndroidManifest.xml:2:5-12:19
12        android:allowBackup="false"
12-->src/main/AndroidManifest.xml:2:96-123
13        android:debuggable="true"
14        android:extractNativeLibs="false"
15        android:label="Quest Terminal Blender Viewer"
15-->src/main/AndroidManifest.xml:2:50-95
16        android:supportsRtl="true"
16-->src/main/AndroidManifest.xml:2:124-150
17        android:theme="@style/AppTheme"
17-->src/main/AndroidManifest.xml:2:18-49
18        android:usesCleartextTraffic="false" >
18-->src/main/AndroidManifest.xml:2:151-187
19        <activity
19-->src/main/AndroidManifest.xml:3:9-124
20            android:name="com.julianb183.questterminal.WindowsEmulatorActivity"
20-->src/main/AndroidManifest.xml:3:19-58
21            android:exported="false"
21-->src/main/AndroidManifest.xml:3:97-121
22            android:screenOrientation="landscape" />
22-->src/main/AndroidManifest.xml:3:59-96
23        <activity
23-->src/main/AndroidManifest.xml:4:9-5:20
24            android:name="com.julianb183.questterminal.MainActivity"
24-->src/main/AndroidManifest.xml:4:19-47
25            android:exported="false"
25-->src/main/AndroidManifest.xml:4:86-110
26            android:screenOrientation="landscape" >
26-->src/main/AndroidManifest.xml:4:48-85
27        </activity>
28        <activity
28-->src/main/AndroidManifest.xml:6:9-11:20
29            android:name="com.julianb183.questterminal.BlenderActivity"
29-->src/main/AndroidManifest.xml:6:19-50
30            android:exported="true"
30-->src/main/AndroidManifest.xml:6:89-112
31            android:screenOrientation="landscape" >
31-->src/main/AndroidManifest.xml:6:51-88
32            <intent-filter>
32-->src/main/AndroidManifest.xml:7:13-10:29
33                <action android:name="android.intent.action.MAIN" />
33-->src/main/AndroidManifest.xml:8:17-69
33-->src/main/AndroidManifest.xml:8:25-66
34
35                <category android:name="android.intent.category.LAUNCHER" />
35-->src/main/AndroidManifest.xml:9:17-77
35-->src/main/AndroidManifest.xml:9:27-74
36            </intent-filter>
37        </activity>
38    </application>
39
40</manifest>